<?xml version="1.0" encoding="UTF-8"?>
<testsuite name="ParrotTest" tests="7" skipped="0" failures="0" errors="0" timestamp="2018-05-09T21:17:02" hostname="NAOH1204LP82YT7" time="0.004">
  <properties/>
  <testcase name="getSpeedOfEuropeanParrot" classname="ParrotTest" time="0.003"/>
  <testcase name="getSpeedOfAfricanParrot_With_One_Coconut" classname="ParrotTest" time="0.0"/>
  <testcase name="getSpeedNorwegianBlueParrot_not_nailed" classname="ParrotTest" time="0.0"/>
  <testcase name="getSpeedOfAfricanParrot_With_No_Coconuts" classname="ParrotTest" time="0.0"/>
  <testcase name="getSpeedNorwegianBlueParrot_nailed" classname="ParrotTest" time="0.0"/>
  <testcase name="getSpeedOfAfricanParrot_With_Two_Coconuts" classname="ParrotTest" time="0.0"/>
  <testcase name="getSpeedNorwegianBlueParrot_not_nailed_high_voltage" classname="ParrotTest" time="0.0"/>
  <system-out><![CDATA[]]></system-out>
  <system-err><![CDATA[]]></system-err>
</testsuite>
